package gojson

type Users []struct {
	AvatarURL         string      `json:"avatar_url"`
	Bio               interface{} `json:"bio"`
	Blog              string      `json:"blog"`
	Company           interface{} `json:"company"`
	CreatedAt         string      `json:"created_at"`
	Email             interface{} `json:"email"`
	EventsURL         string      `json:"events_url"`
	Followers         int64       `json:"followers"`
	FollowersURL      string      `json:"followers_url"`
	Following         int64       `json:"following"`
	FollowingURL      string      `json:"following_url"`
	GistsURL          string      `json:"gists_url"`
	GravatarID        string      `json:"gravatar_id"`
	Hireable          bool        `json:"hireable"`
	HTMLURL           string      `json:"html_url"`
	ID                int64       `json:"id"`
	Location          string      `json:"location"`
	Login             string      `json:"login"`
	Name              string      `json:"name"`
	OrganizationsURL  string      `json:"organizations_url"`
	PublicGists       int64       `json:"public_gists"`
	PublicRepos       int64       `json:"public_repos"`
	ReceivedEventsURL string      `json:"received_events_url"`
	ReposURL          string      `json:"repos_url"`
	SiteAdmin         bool        `json:"site_admin"`
	StarredURL        string      `json:"starred_url"`
	SubscriptionsURL  string      `json:"subscriptions_url"`
	Type              string      `json:"type"`
	UpdatedAt         string      `json:"updated_at"`
	URL               string      `json:"url"`
}
